<?xml version="1.0" encoding="UTF-8"?>
<!-- Generated by org.testng.reporters.JUnitReportReporter -->
<testsuite skipped="0" hostname="LIN16007873" name="testCases.Testscript_Login" tests="1" failures="0" timestamp="26 Mar 2021 06:04:05 GMT" time="25.965" errors="0">
  <testcase name="Login" time="25.965" classname="testCases.Testscript_Login"/>
</testsuite> <!-- testCases.Testscript_Login -->
